<?xml version="1.0" encoding="UTF-8"?>
<!-- Generated by org.testng.reporters.JUnitXMLReporter -->
<testsuite hostname="ip-192-168-0-28.eu-west-1.compute.internal" ignored="5" name="Selenium Test" tests="2" failures="0" timestamp="2022-04-20T12:49:52 ART" time="60.005" errors="0">
  <testcase name="verifySignInOptionIsPresent" time="10.257" classname="selenium.test.HomePageTest"/>
  <testcase name="verifyMessageEmptyEmail" time="18.27" classname="selenium.test.LoginPageTest"/>
  <testcase name="verifyLogoChildPageTrust" time="0.0" classname="selenium.test.HomePageTest">
    <ignored/>
  </testcase> <!-- verifyLogoChildPageTrust -->
  <testcase name="verifyNotRegisterUser" time="0.0" classname="selenium.test.LoginPageTest">
    <ignored/>
  </testcase> <!-- verifyNotRegisterUser -->
  <testcase name="verifyLogoChildPageB" time="0.0" classname="selenium.test.HomePageTest">
    <ignored/>
  </testcase> <!-- verifyLogoChildPageB -->
  <testcase name="verifyLogoIsPresent" time="0.0" classname="selenium.test.HomePageTest">
    <ignored/>
  </testcase> <!-- verifyLogoIsPresent -->
  <testcase name="verifyMessageEmptyPass" time="0.0" classname="selenium.test.LoginPageTest">
    <ignored/>
  </testcase> <!-- verifyMessageEmptyPass -->
</testsuite> <!-- Selenium Test -->
