<?xml version="1.0" encoding="UTF-8"?>
<!-- Generated by org.testng.reporters.JUnitXMLReporter -->
<testsuite hostname="Nany-Guerrero.local" ignored="5" name="projectTest" tests="1" failures="0" timestamp="2022-04-21T17:47:20 ART" time="4.834" errors="0">
  <testcase name="getProductCategoryOne" time="4.346" classname="restAssured.test.ProductTest"/>
  <testcase name="createProduct" time="0.0" classname="restAssured.test.ProductTest">
    <ignored/>
  </testcase> <!-- createProduct -->
  <testcase name="getProductCategory" time="0.0" classname="restAssured.test.ProductTest">
    <ignored/>
  </testcase> <!-- getProductCategory -->
  <testcase name="getSingleProduct" time="0.0" classname="restAssured.test.ProductTest">
    <ignored/>
  </testcase> <!-- getSingleProduct -->
  <testcase name="getProductsAndOrder" time="0.0" classname="restAssured.test.ProductTest">
    <ignored/>
  </testcase> <!-- getProductsAndOrder -->
  <testcase name="getProducts" time="0.0" classname="restAssured.test.ProductTest">
    <ignored/>
  </testcase> <!-- getProducts -->
</testsuite> <!-- projectTest -->
