<?xml version="1.0" encoding="UTF-8"?>
<!-- Generated by org.testng.reporters.JUnitXMLReporter -->
<testsuite hostname="ip-192-168-0-28.eu-west-1.compute.internal" ignored="5" name="TestNG Sample Test" tests="1" failures="0" timestamp="2022-04-20T10:40:23 ART" time="40.798" errors="0">
  <testcase name="getProductCategoryOne" time="40.232" classname="restAssured.test.ProductTest"/>
  <testcase name="createProduct" time="0.0" classname="restAssured.test.ProductTest">
    <ignored/>
  </testcase> <!-- createProduct -->
  <testcase name="getProductCategory" time="0.0" classname="restAssured.test.ProductTest">
    <ignored/>
  </testcase> <!-- getProductCategory -->
  <testcase name="getSingleProduct" time="0.0" classname="restAssured.test.ProductTest">
    <ignored/>
  </testcase> <!-- getSingleProduct -->
  <testcase name="getProductsAndOrder" time="0.0" classname="restAssured.test.ProductTest">
    <ignored/>
  </testcase> <!-- getProductsAndOrder -->
  <testcase name="getProducts" time="0.0" classname="restAssured.test.ProductTest">
    <ignored/>
  </testcase> <!-- getProducts -->
</testsuite> <!-- TestNG Sample Test -->
