<?xml version="1.0" encoding="UTF-8"?>
<testng-results skipped="0" failed="0" ignored="5" total="6" passed="1">
  <reporter-output>
  </reporter-output>
  <suite name="Default Suite" duration-ms="4834" started-at="2022-04-21T17:47:15 ART" finished-at="2022-04-21T17:47:20 ART">
    <groups>
    </groups>
    <test name="projectTest" duration-ms="4834" started-at="2022-04-21T17:47:15 ART" finished-at="2022-04-21T17:47:20 ART">
      <class name="restAssured.test.ProductTest">
        <test-method status="PASS" signature="setUp()[pri:0, instance:restAssured.test.ProductTest@1bb5a082]" name="setUp" is-config="true" duration-ms="465" started-at="2022-04-21T17:47:15 ART" finished-at="2022-04-21T17:47:15 ART">
          <reporter-output>
          </reporter-output>
        </test-method> <!-- setUp -->
        <test-method status="PASS" signature="getProductCategoryOne()[pri:0, instance:restAssured.test.ProductTest@1bb5a082]" name="getProductCategoryOne" duration-ms="4346" started-at="2022-04-21T17:47:15 ART" finished-at="2022-04-21T17:47:20 ART">
          <reporter-output>
          </reporter-output>
        </test-method> <!-- getProductCategoryOne -->
      </class> <!-- restAssured.test.ProductTest -->
    </test> <!-- projectTest -->
  </suite> <!-- Default Suite -->
</testng-results>
